<html>
    <head>
        <link rel='stylesheet' type='text/css' href='/web/css/index.css' />
        <style type="text/css">
            /* url(/images/paradigm/bg_graph.png)*/
            body {
                height: 100%; box-sizing: border-box;  background-image: url(/web/images/bg_graph.png);
            }
            body, div, table {
                margin: 0px; padding: 0px; border: 0px; position: relative
            }
            fieldset {
                margin-bottom: 10px; padding: 12px 15px;
            }
            legend {
                font-size: .8em; font-family: sans-serif
            }
            .installer-field-description {
                font-size: .6em; font-family: sans-serif; margin-bottom: 10px
            }
            .installer-form-field {
                border-radius: 3px; padding: 3px 4px; border: 1px solid #aaf; background-color: #eee; width: 70%
            }
            .installer-form-field:focus {
                background-color: white
            }
            .installer-form-div {
                width: 705px; padding: 20px 30px; border: 1px solid #aaf; border-top: 0px; background-color: #e0e0e0;
            }
            .installer-form-tabs {
                width: 705px; padding: 20px 30px 0px 30px; border: 1px solid #aaf; border-top: 0px; background-color: #e0e0e0;
            }            
        </style>
        <script type="text/javascript" src="/web/js/jquery.js"></script>
        <script type="text/javascript" src="/web/js/EasyAjax.js"></script>
        <script type="text/javascript" src="/web/js/EasyTabs.js"></script>
        <script type="text/javascript" src="/web/js/EasyEdit.js"></script>
        <script type="text/javascript">
            var Installer = {
                width: 0,
                height: 0,
                init: function () {
                    Installer.resize();
                },
                start: function () {
                    window.setTimeout(Installer.update,500);
                },
                update: function () {
                    (new EasyAjax('/install_status.json')).then(function (response) {
                        var progress = JSON.parse(response);
                        console.log(progress);
                        if (progress) {
                            $('#install-status-stage').html(progress.stage);
                            $('#install-status-step').html(progress.step);
                            $('#install-status-bar').css('width',progress.percent+'%');
                            if (progress.percent < 100) {
                                window.setTimeout(Installer.update,750);
                            }
                        }
                    }).get();
                },
                resize: function () {
                        Installer.width = window.innerWidth ||
                            document.documentElement.clientWidth ||
                            document.body.clientWidth;
                        Installer.height = window.innerHeight ||
                            document.documentElement.clientHeight ||
                            document.body.clientHeight;
                        $("#installer-area").css('height', Installer.height + "px");
                }
            }
            window.onload   = Installer.init;
            window.onresize = Installer.resize;
        </script>
    </head>
    <body>
###########################################
Installing Code/Framework/Humble/etc/config.xml
###########################################

[ENTITIES        ][14:45:40] Registering audit_log                                                           [0000][0002]
[ENTITIES        ][14:45:40] Registering categories                                                          [0000][0002]
[ENTITIES        ][14:45:40] Registering controllers                                                         [0000][0002]
[ENTITIES        ][14:45:40] Registering css                                                                 [0000][0002]
[ENTITIES        ][14:45:40] Registering edits                                                               [0000][0002]
[ENTITIES        ][14:45:40] Registering entities                                                            [0000][0002]
[ENTITIES        ][14:45:40] Registering entity_columns                                                      [0000][0002]
[ENTITIES        ][14:45:40] Registering js                                                                  [0000][0002]
[ENTITIES        ][14:45:40] Registering modules                                                             [0000][0002]
[ENTITIES        ][14:45:40] Registering packages                                                            [0000][0002]
[ENTITIES        ][14:45:40] Registering secrets_manager                                                     [0000][0002]
[ENTITIES        ][14:45:40] Registering services                                                            [0000][0002]
[ENTITIES        ][14:45:40] Registering service_directory                                                   [0000][0002]
[ENTITIES        ][14:45:40] Registering service_parameters                                                  [0000][0002]
[ENTITIES        ][14:45:40] Registering system_variables                                                    [0000][0002]
[ENTITIES        ][14:45:40] Registering templaters                                                          [0000][0002]
[ENTITIES        ][14:45:40] Registering templates                                                           [0000][0002]
[ENTITIES        ][14:45:40] Registering users                                                               [0000][0002]
[ENTITIES        ][14:45:40] Registering user_identification                                                 [0000][0002]
[ENTITIES        ][14:45:40] Registering entity_keys                                                         [0000][0002]
[ENTITIES        ][14:45:40] Registering user_permissions                                                    [0000][0002]
[ENTITIES        ][14:45:40] Registering userlog                                                             [0000][0002]
[WEB             ][14:45:41] Registering Web Components                                                      [0000][0003]
[WEB             ][14:45:41] Done Registering Web Components                                                 [0000][0003]
###########################################
Installing Code/Framework/Paradigm/etc/config.xml
###########################################

[ENTITIES        ][14:45:42] Registering api_projects                                                        [0000][0004]
[ENTITIES        ][14:45:42] Registering api_tests                                                           [0000][0004]
[ENTITIES        ][14:45:42] Registering events                                                              [0000][0004]
[ENTITIES        ][14:45:42] Registering event_listeners                                                     [0000][0004]
[ENTITIES        ][14:45:42] Registering event_log                                                           [0000][0004]
[ENTITIES        ][14:45:42] Registering export_targets                                                      [0000][0004]
[ENTITIES        ][14:45:42] Registering import_sources                                                      [0000][0004]
[ENTITIES        ][14:45:42] Registering job_queue                                                           [0000][0004]
[ENTITIES        ][14:45:42] Registering method_listeners                                                    [0000][0004]
[ENTITIES        ][14:45:42] Registering scheduler_log                                                       [0000][0004]
[ENTITIES        ][14:45:42] Registering sensors                                                             [0000][0004]
[ENTITIES        ][14:45:42] Registering sensor_workflows                                                    [0000][0004]
[ENTITIES        ][14:45:42] Registering system_events                                                       [0000][0004]
[ENTITIES        ][14:45:42] Registering webhooks                                                            [0000][0004]
[ENTITIES        ][14:45:42] Registering webhook_workflows                                                   [0000][0004]
[ENTITIES        ][14:45:42] Registering webservices                                                         [0000][0004]
[ENTITIES        ][14:45:42] Registering webservice_workflows                                                [0000][0004]
[ENTITIES        ][14:45:42] Registering workflows                                                           [0000][0004]
[ENTITIES        ][14:45:42] Registering workflow_listeners                                                  [0000][0004]
[ENTITIES        ][14:45:42] Registering workflow_components                                                 [0000][0004]
[ENTITIES        ][14:45:42] Registering workflow_comments                                                   [0000][0004]
[ENTITIES        ][14:45:42] Registering designer_forms                                                      [0000][0004]
[ENTITIES        ][14:45:42] Registering import_tokens                                                       [0000][0004]
[WEB             ][14:45:44] Registering Web Components                                                      [0000][0006]
[WEB             ][14:45:44] Done Registering Web Components                                                 [0000][0006]
###########################################
Installing Code/Framework/Workflow/etc/config.xml
###########################################

[ENTITIES        ][14:45:44] Registering sms_carriers                                                        [0000][0006]
[WEB             ][14:45:44] Registering Web Components                                                      [0000][0006]
[WEB             ][14:45:44] Done Registering Web Components                                                 [0000][0006]
###########################################
Installing Code/Framework/Admin/etc/config.xml
###########################################

[ENTITIES        ][14:45:44] Registering system_monitor                                                      [0000][0006]
[ENTITIES        ][14:45:44] Registering menus                                                               [0000][0006]
[ENTITIES        ][14:45:44] Registering menu_categories                                                     [0000][0006]
[ENTITIES        ][14:45:44] Registering users                                                               [0000][0006]
[ENTITIES        ][14:45:44] Registering user_identification                                                 [0000][0006]
[WEB             ][14:45:44] Registering Web Components                                                      [0000][0006]
[WEB             ][14:45:44] Done Registering Web Components                                                 [0000][0006]
###########################################
Installing Code/Framework/Contrive/etc/config.xml
###########################################

[WEB             ][14:45:44] Registering Web Components                                                      [0000][0006]
[WEB             ][14:45:44] Done Registering Web Components                                                 [0000][0006]
###########################################
Installing Code/Main/Vitua/etc/config.xml
###########################################

[WEB             ][14:45:44] Registering Web Components                                                      [0000][0006]
[WEB             ][14:45:44] Done Registering Web Components                                                 [0000][0006]
Processing Controllers
Processing Models
Processing Schema
Processing Entities
###########################################
Updating Code/Framework/Humble/etc/config.xml
###########################################

[SCHEMA          ][14:45:44] Processing any schema updates                                                   [0000][0000]
[SCHEMA          ][14:45:44] Finished Processing schema updates                                              [0000][0000]
[ENTITIES        ][14:45:44] Registering audit_log                                                           [0000][0000]
[ENTITIES        ][14:45:45] Registering categories                                                          [0001][0001]
[ENTITIES        ][14:45:45] Registering controllers                                                         [0001][0001]
[ENTITIES        ][14:45:45] Registering css                                                                 [0001][0001]
[ENTITIES        ][14:45:45] Registering edits                                                               [0001][0001]
[ENTITIES        ][14:45:45] Registering entities                                                            [0001][0001]
[ENTITIES        ][14:45:45] Registering entity_columns                                                      [0001][0001]
[ENTITIES        ][14:45:45] Registering js                                                                  [0001][0001]
[ENTITIES        ][14:45:45] Registering modules                                                             [0001][0001]
[ENTITIES        ][14:45:45] Registering packages                                                            [0001][0001]
[ENTITIES        ][14:45:45] Registering secrets_manager                                                     [0001][0001]
[ENTITIES        ][14:45:45] Registering services                                                            [0001][0001]
[ENTITIES        ][14:45:45] Registering service_directory                                                   [0001][0001]
[ENTITIES        ][14:45:45] Registering service_parameters                                                  [0001][0001]
[ENTITIES        ][14:45:45] Registering system_variables                                                    [0001][0001]
[ENTITIES        ][14:45:45] Registering templaters                                                          [0001][0001]
[ENTITIES        ][14:45:45] Registering templates                                                           [0001][0001]
[ENTITIES        ][14:45:45] Registering users                                                               [0001][0001]
[ENTITIES        ][14:45:45] Registering user_identification                                                 [0001][0001]
[ENTITIES        ][14:45:45] Registering entity_keys                                                         [0001][0001]
[ENTITIES        ][14:45:45] Registering user_permissions                                                    [0001][0001]
[ENTITIES        ][14:45:45] Registering userlog                                                             [0001][0001]
[WORKFLOW        ][14:45:45] Processing Namespace [humble]...                                                [0000][0001]
[WORKFLOW        ][14:45:45]                                                                                 [0000][0001]
[WORKFLOW        ][14:45:45] Scanning Model Class Arr...                                                     [0000][0001]
[WORKFLOW        ][14:45:45] Finished Scanning Arr...                                                        [0000][0001]
[WORKFLOW        ][14:45:45]                                                                                 [0000][0001]
[WORKFLOW        ][14:45:45] Scanning Model Class Forms...                                                   [0000][0001]
[WORKFLOW        ][14:45:45] Finished Scanning Forms...                                                      [0000][0001]
[WORKFLOW        ][14:45:45]                                                                                 [0000][0001]
[WORKFLOW        ][14:45:45] Scanning Model Class Iterator...                                                [0000][0001]
[WORKFLOW        ][14:45:45] Finished Scanning Iterator...                                                   [0000][0001]
[WORKFLOW        ][14:45:45]                                                                                 [0000][0001]
[WORKFLOW        ][14:45:45] Scanning Model Class Manager...                                                 [0000][0001]
[WORKFLOW        ][14:45:45] Finished Scanning Manager...                                                    [0000][0001]
[WORKFLOW        ][14:45:45]                                                                                 [0000][0001]
[WORKFLOW        ][14:45:45] Scanning Model Class Model...                                                   [0000][0001]
[WORKFLOW        ][14:45:45] Finished Scanning Model...                                                      [0000][0001]
[WORKFLOW        ][14:45:45]                                                                                 [0000][0001]
[WORKFLOW        ][14:45:45] Scanning Model Class OnInstall...                                               [0000][0001]
[WORKFLOW        ][14:45:45] Finished Scanning OnInstall...                                                  [0000][0001]
[WORKFLOW        ][14:45:45]                                                                                 [0000][0001]
[WORKFLOW        ][14:45:45] Scanning Model Class Services...                                                [0000][0001]
[WORKFLOW        ][14:45:45] Finished Scanning Services...                                                   [0000][0001]
[WORKFLOW        ][14:45:45]                                                                                 [0000][0001]
[WORKFLOW        ][14:45:45] Scanning Model Class SimpleIterator...                                          [0000][0001]
[WORKFLOW        ][14:45:45] Finished Scanning SimpleIterator...                                             [0000][0001]
[WORKFLOW        ][14:45:45]                                                                                 [0000][0001]
[WORKFLOW        ][14:45:45] Scanning Model Class User...                                                    [0000][0001]
[WORKFLOW        ][14:45:45]      Registering Workflow Element exceededTries                                 [0000][0001]
[WORKFLOW        ][14:45:45]      Registering Workflow Element setLoginErrorMessage                          [0000][0001]
[WORKFLOW        ][14:45:45]      Registering Workflow Element routeToHomePage                               [0000][0001]
[WORKFLOW        ][14:45:45]      Registering Workflow Element redirect                                      [0000][0001]
[WORKFLOW        ][14:45:45]      Registering Workflow Element loginFailed                                   [0000][0001]
[WORKFLOW        ][14:45:45]      Registering Workflow Element resetTries                                    [0000][0001]
[WORKFLOW        ][14:45:45]      Registering Workflow Element incrementTries                                [0000][0001]
[WORKFLOW        ][14:45:45]      Registering Workflow Element recordLoginTime                               [0000][0001]
[WORKFLOW        ][14:45:45]      Registering Workflow Element recoverPasswordEmail                          [0000][0001]
[WORKFLOW        ][14:45:45]      Registering Workflow Element accountLocked                                 [0000][0001]
[WORKFLOW        ][14:45:45]      Registering Workflow Element lockAccount                                   [0000][0001]
[WORKFLOW        ][14:45:45]      Registering Workflow Element unlockAccount                                 [0000][0001]
[WORKFLOW        ][14:45:45]      Registering Workflow Element isResetPasswordTokenSet                       [0000][0001]
[WORKFLOW        ][14:45:45] Finished Scanning User...                                                       [0000][0001]
[IMAGES          ][14:45:45] Processing Images                                                               [0000][0001]
[IMAGES          ][14:45:46] Finished Processing Images                                                      [0001][0002]
[WEB             ][14:45:46] Registering Web Components                                                      [0000][0002]
[WEB             ][14:45:46] Done Registering Web Components                                                 [0000][0002]
[CONTROLLERS     ][14:45:46] Compiling: dev.xml                                                              [0000][0002]
[CONTROLLERS     ][14:45:46] Compiling: event.xml                                                            [0000][0002]
[CONTROLLERS     ][14:45:46] Compiling: events.xml                                                           [0000][0002]
[CONTROLLERS     ][14:45:46] Compiling: home.xml                                                             [0000][0002]
[CONTROLLERS     ][14:45:46] Compiling: mongo.xml                                                            [0000][0002]
[CONTROLLERS     ][14:45:46] Compiling: user.xml                                                             [0000][0002]
[SUMMARY         ][14:45:46] ============================================================================    [0000][0002]
[SUMMARY         ][14:45:46] = MODULE STATE [humble]                                                         [0000][0002]
[SUMMARY         ][14:45:46] ============================================================================    [0000][0002]
[SUMMARY         ][14:45:46] [id]: 1                                                                         [0000][0002]
[SUMMARY         ][14:45:46] [title]: Framework                                                              [0000][0002]
[SUMMARY         ][14:45:46] [module]: Humble                                                                [0000][0002]
[SUMMARY         ][14:45:46] [namespace]: humble                                                             [0000][0002]
[SUMMARY         ][14:45:46] [configuration]: Humble/etc                                                     [0000][0002]
[SUMMARY         ][14:45:46] [controller]: Humble/Controllers                                                [0000][0002]
[SUMMARY         ][14:45:46] [package]: Framework                                                            [0000][0002]
[SUMMARY         ][14:45:46] [version]: 0.0.1                                                                [0000][0002]
[SUMMARY         ][14:45:46] [installed]: 2024-03-20 14:45:41                                                [0000][0002]
[SUMMARY         ][14:45:46] [last_updated]: 2024-03-20 14:45:46                                             [0000][0002]
[SUMMARY         ][14:45:46] [description]: This is the module that contains the base framework classes and c[0000][0002]
[SUMMARY         ][14:45:46] [templater]: Smarty3                                                            [0000][0002]
[SUMMARY         ][14:45:46] [schema_install]: Humble/Schema/Install                                         [0000][0002]
[SUMMARY         ][14:45:46] [schema_update]: Humble/Schema/Update                                           [0000][0002]
[SUMMARY         ][14:45:46] [schema_layout]: Humble/Schema/DSL                                              [0000][0002]
[SUMMARY         ][14:45:46] [models]: Humble/Models                                                         [0000][0002]
[SUMMARY         ][14:45:46] [events]:                                                                       [0000][0002]
[SUMMARY         ][14:45:46] [prefix]: humble_                                                               [0000][0002]
[SUMMARY         ][14:45:46] [entities]: Humble/Entities                                                     [0000][0002]
[SUMMARY         ][14:45:46] [controller_cache]: Humble/Controllers/Cache                                    [0000][0002]
[SUMMARY         ][14:45:46] [views]: Humble/Views                                                           [0000][0002]
[SUMMARY         ][14:45:46] [views_cache]: Humble/Views/Cache                                               [0000][0002]
[SUMMARY         ][14:45:46] [images]: Humble/Images                                                         [0000][0002]
[SUMMARY         ][14:45:46] [images_cache]: Humble/Images/Cache                                             [0000][0002]
[SUMMARY         ][14:45:46] [rpc_mapping]: Humble/RPC                                                       [0000][0002]
[SUMMARY         ][14:45:46] [helpers]: Humble/Helpers                                                       [0000][0002]
[SUMMARY         ][14:45:46] [enabled]: Y                                                                    [0000][0002]
[SUMMARY         ][14:45:46] [mongodb]: humble                                                               [0000][0002]
[SUMMARY         ][14:45:46] [required]: Y                                                                   [0000][0002]
[SUMMARY         ][14:45:46] [weight]: 10                                                                    [0000][0002]
[SUMMARY         ][14:45:46] [modified]: 2024-03-20 14:45:45                                                 [0000][0002]
[SUMMARY         ][14:45:46] ============================================================================    [0000][0002]
[DIRECTORY       ][14:45:46] Generating Service Directory                                                    [0000][0002]
[DIRECTORY       ][14:45:46] Finished Generating Directory                                                   [0000][0002]
###########################################
Updating Code/Framework/Paradigm/etc/config.xml
###########################################

[SCHEMA          ][14:45:46] Processing any schema updates                                                   [0000][0002]
[SCHEMA          ][14:45:46] Finished Processing schema updates                                              [0000][0002]
[ENTITIES        ][14:45:46] Registering api_projects                                                        [0000][0002]
[ENTITIES        ][14:45:46] Registering api_tests                                                           [0000][0002]
[ENTITIES        ][14:45:46] Registering events                                                              [0000][0002]
[ENTITIES        ][14:45:46] Registering event_listeners                                                     [0000][0002]
[ENTITIES        ][14:45:46] Registering event_log                                                           [0000][0002]
[ENTITIES        ][14:45:46] Registering export_targets                                                      [0000][0002]
[ENTITIES        ][14:45:46] Registering import_sources                                                      [0000][0002]
[ENTITIES        ][14:45:46] Registering job_queue                                                           [0000][0002]
[ENTITIES        ][14:45:46] Registering method_listeners                                                    [0000][0002]
[ENTITIES        ][14:45:46] Registering scheduler_log                                                       [0000][0002]
[ENTITIES        ][14:45:46] Registering sensors                                                             [0000][0002]
[ENTITIES        ][14:45:46] Registering sensor_workflows                                                    [0000][0002]
[ENTITIES        ][14:45:46] Registering system_events                                                       [0000][0002]
[ENTITIES        ][14:45:46] Registering webhooks                                                            [0000][0002]
[ENTITIES        ][14:45:46] Registering webhook_workflows                                                   [0000][0002]
[ENTITIES        ][14:45:46] Registering webservices                                                         [0000][0002]
[ENTITIES        ][14:45:46] Registering webservice_workflows                                                [0000][0002]
[ENTITIES        ][14:45:46] Registering workflows                                                           [0000][0002]
[ENTITIES        ][14:45:47] Registering workflow_listeners                                                  [0001][0003]
[ENTITIES        ][14:45:47] Registering workflow_components                                                 [0001][0003]
[ENTITIES        ][14:45:47] Registering workflow_comments                                                   [0001][0003]
[ENTITIES        ][14:45:47] Registering designer_forms                                                      [0001][0003]
[ENTITIES        ][14:45:47] Registering import_tokens                                                       [0001][0003]
[WORKFLOW        ][14:45:47] Processing Namespace [paradigm]...                                              [0000][0003]
[WORKFLOW        ][14:45:47]                                                                                 [0000][0003]
[WORKFLOW        ][14:45:47] Scanning Model Class Designer...                                                [0000][0003]
[WORKFLOW        ][14:45:47]      Registering Workflow Element newForm                                       [0000][0003]
[WORKFLOW        ][14:45:47] Finished Scanning Designer...                                                   [0000][0003]
[WORKFLOW        ][14:45:47]                                                                                 [0000][0003]
[WORKFLOW        ][14:45:47] Scanning Model Class Detector...                                                [0000][0003]
[WORKFLOW        ][14:45:47] Finished Scanning Detector...                                                   [0000][0003]
[WORKFLOW        ][14:45:47]                                                                                 [0000][0003]
[WORKFLOW        ][14:45:47] Scanning Model Class Element...                                                 [0000][0003]
[WORKFLOW        ][14:45:47] Finished Scanning Element...                                                    [0000][0003]
[WORKFLOW        ][14:45:47]                                                                                 [0000][0003]
[WORKFLOW        ][14:45:47] Scanning Model Class Flowchart...                                               [0000][0003]
[WORKFLOW        ][14:45:47]      Registering Workflow Element ifSymbol                                      [0000][0003]
[WORKFLOW        ][14:45:47] Finished Scanning Flowchart...                                                  [0000][0003]
[WORKFLOW        ][14:45:47]                                                                                 [0000][0003]
[WORKFLOW        ][14:45:47] Scanning Model Class Manager...                                                 [0000][0003]
[WORKFLOW        ][14:45:47] Finished Scanning Manager...                                                    [0000][0003]
[WORKFLOW        ][14:45:47]                                                                                 [0000][0003]
[WORKFLOW        ][14:45:47] Scanning Model Class Model...                                                   [0000][0003]
[WORKFLOW        ][14:45:47] Finished Scanning Model...                                                      [0000][0003]
[WORKFLOW        ][14:45:47]                                                                                 [0000][0003]
[WORKFLOW        ][14:45:47] Scanning Model Class Operation...                                               [0000][0003]
[WORKFLOW        ][14:45:47]      Registering Workflow Element execute                                       [0000][0003]
[WORKFLOW        ][14:45:47] Finished Scanning Operation...                                                  [0000][0003]
[WORKFLOW        ][14:45:47]                                                                                 [0000][0003]
[WORKFLOW        ][14:45:47] Scanning Model Class System...                                                  [0000][0003]
[WORKFLOW        ][14:45:47] Finished Scanning System...                                                     [0000][0003]
[WORKFLOW        ][14:45:47]                                                                                 [0000][0003]
[WORKFLOW        ][14:45:47] Scanning Model Class Workflow...                                                [0000][0003]
[WORKFLOW        ][14:45:47]      Registering Workflow Element enable                                        [0000][0003]
[WORKFLOW        ][14:45:47]      Registering Workflow Element disable                                       [0000][0003]
[WORKFLOW        ][14:45:47] Finished Scanning Workflow...                                                   [0000][0003]
[IMAGES          ][14:45:47] Processing Images                                                               [0000][0003]
[IMAGES          ][14:45:47] Finished Processing Images                                                      [0000][0003]
[WEB             ][14:45:47] Registering Web Components                                                      [0000][0003]
[WEB             ][14:45:47] Done Registering Web Components                                                 [0000][0003]
[CONTROLLERS     ][14:45:47] Compiling: actions.xml                                                          [0000][0003]
[CONTROLLERS     ][14:45:48] Compiling: api.xml                                                              [0001][0004]
[CONTROLLERS     ][14:45:48] Compiling: console.xml                                                          [0001][0004]
[CONTROLLERS     ][14:45:48] Compiling: designer.xml                                                         [0001][0004]
[CONTROLLERS     ][14:45:48] Compiling: diagram.xml                                                          [0001][0004]
[CONTROLLERS     ][14:45:48] Compiling: element.xml                                                          [0001][0004]
[CONTROLLERS     ][14:45:48] Compiling: io.xml                                                               [0001][0004]
[CONTROLLERS     ][14:45:48] Compiling: objects.xml                                                          [0001][0004]
[CONTROLLERS     ][14:45:48] Compiling: projects.xml                                                         [0001][0004]
[CONTROLLERS     ][14:45:48] Compiling: sensor.xml                                                           [0001][0004]
[CONTROLLERS     ][14:45:48] Compiling: system.xml                                                           [0001][0004]
[CONTROLLERS     ][14:45:48] Compiling: templates.xml                                                        [0001][0004]
[CONTROLLERS     ][14:45:48] Compiling: test.xml                                                             [0001][0004]
[CONTROLLERS     ][14:45:48] Compiling: webservice.xml                                                       [0001][0004]
[CONTROLLERS     ][14:45:48] Compiling: workflow.xml                                                         [0001][0004]
[SUMMARY         ][14:45:48] ============================================================================    [0000][0004]
[SUMMARY         ][14:45:48] = MODULE STATE [paradigm]                                                       [0000][0004]
[SUMMARY         ][14:45:48] ============================================================================    [0000][0004]
[SUMMARY         ][14:45:48] [id]: 2                                                                         [0000][0004]
[SUMMARY         ][14:45:48] [title]: Paradigm Workflow Editor                                               [0000][0004]
[SUMMARY         ][14:45:48] [module]: Paradigm                                                              [0000][0004]
[SUMMARY         ][14:45:48] [namespace]: paradigm                                                           [0000][0004]
[SUMMARY         ][14:45:48] [configuration]: Paradigm/etc                                                   [0000][0004]
[SUMMARY         ][14:45:48] [controller]: Paradigm/Controllers                                              [0000][0004]
[SUMMARY         ][14:45:48] [package]: Framework                                                            [0000][0004]
[SUMMARY         ][14:45:48] [version]: 0.0.1                                                                [0000][0004]
[SUMMARY         ][14:45:48] [installed]: 2024-03-20 14:45:43                                                [0000][0004]
[SUMMARY         ][14:45:48] [last_updated]: 2024-03-20 14:45:47                                             [0000][0004]
[SUMMARY         ][14:45:48] [description]: Workflow editor                                                  [0000][0004]
[SUMMARY         ][14:45:48] [templater]: Smarty3                                                            [0000][0004]
[SUMMARY         ][14:45:48] [schema_install]: Paradigm/Schema/Install                                       [0000][0004]
[SUMMARY         ][14:45:48] [schema_update]: Paradigm/Schema/Update                                         [0000][0004]
[SUMMARY         ][14:45:48] [schema_layout]: Paradigm/Schema/DSL                                            [0000][0004]
[SUMMARY         ][14:45:48] [models]: Paradigm/Models                                                       [0000][0004]
[SUMMARY         ][14:45:48] [events]:                                                                       [0000][0004]
[SUMMARY         ][14:45:48] [prefix]: paradigm_                                                             [0000][0004]
[SUMMARY         ][14:45:48] [entities]: Paradigm/Entities                                                   [0000][0004]
[SUMMARY         ][14:45:48] [controller_cache]: Paradigm/Controllers/Cache                                  [0000][0004]
[SUMMARY         ][14:45:48] [views]: Paradigm/Views                                                         [0000][0004]
[SUMMARY         ][14:45:48] [views_cache]: Paradigm/Views/Cache                                             [0000][0004]
[SUMMARY         ][14:45:48] [images]: Paradigm/Images                                                       [0000][0004]
[SUMMARY         ][14:45:48] [images_cache]: Paradigm/Images/Cache                                           [0000][0004]
[SUMMARY         ][14:45:48] [rpc_mapping]: Paradigm/RPC                                                     [0000][0004]
[SUMMARY         ][14:45:48] [helpers]: Paradigm/Helpers                                                     [0000][0004]
[SUMMARY         ][14:45:48] [enabled]: Y                                                                    [0000][0004]
[SUMMARY         ][14:45:48] [mongodb]: paradigm                                                             [0000][0004]
[SUMMARY         ][14:45:48] [required]: Y                                                                   [0000][0004]
[SUMMARY         ][14:45:48] [weight]: 15                                                                    [0000][0004]
[SUMMARY         ][14:45:48] [modified]: 2024-03-20 14:45:47                                                 [0000][0004]
[SUMMARY         ][14:45:48] ============================================================================    [0000][0004]
[DIRECTORY       ][14:45:48] Generating Service Directory                                                    [0000][0004]
[DIRECTORY       ][14:45:48] Finished Generating Directory                                                   [0000][0004]
###########################################
Updating Code/Framework/Workflow/etc/config.xml
###########################################

[SCHEMA          ][14:45:48] Processing any schema updates                                                   [0000][0004]
[SCHEMA          ][14:45:48] Finished Processing schema updates                                              [0000][0004]
[ENTITIES        ][14:45:48] Registering sms_carriers                                                        [0000][0004]
[WORKFLOW        ][14:45:48] Processing Namespace [workflow]...                                              [0000][0004]
[WORKFLOW        ][14:45:48]                                                                                 [0000][0004]
[WORKFLOW        ][14:45:48] Scanning Model Class Decision...                                                [0000][0004]
[WORKFLOW        ][14:45:48]      Registering Workflow Element success                                       [0000][0004]
[WORKFLOW        ][14:45:48]      Registering Workflow Element failed                                        [0000][0004]
[WORKFLOW        ][14:45:48]      Registering Workflow Element canceled                                      [0000][0004]
[WORKFLOW        ][14:45:48]      Registering Workflow Element bubbling                                      [0000][0004]
[WORKFLOW        ][14:45:48]      Registering Workflow Element failedAndCanceled                             [0000][0004]
[WORKFLOW        ][14:45:48] Finished Scanning Decision...                                                   [0000][0004]
[WORKFLOW        ][14:45:48]                                                                                 [0000][0004]
[WORKFLOW        ][14:45:48] Scanning Model Class File...                                                    [0000][0004]
[WORKFLOW        ][14:45:48] Finished Scanning File...                                                       [0000][0004]
[WORKFLOW        ][14:45:48]                                                                                 [0000][0004]
[WORKFLOW        ][14:45:48] Scanning Model Class FileManager...                                             [0000][0004]
[WORKFLOW        ][14:45:48]      Registering Workflow Element addFile                                       [0000][0004]
[WORKFLOW        ][14:45:48]      Registering Workflow Element loadFile                                      [0000][0004]
[WORKFLOW        ][14:45:48]      Registering Workflow Element saveFile                                      [0000][0004]
[WORKFLOW        ][14:45:48]      Registering Workflow Element storeFile                                     [0000][0004]
[WORKFLOW        ][14:45:48]      Registering Workflow Element copyFile                                      [0000][0004]
[WORKFLOW        ][14:45:48]      Registering Workflow Element isValidXML                                    [0000][0004]
[WORKFLOW        ][14:45:49]      Registering Workflow Element ftpGet                                        [0001][0005]
[WORKFLOW        ][14:45:49]      Registering Workflow Element ftpPut                                        [0001][0005]
[WORKFLOW        ][14:45:49]      Registering Workflow Element sftpGet                                       [0001][0005]
[WORKFLOW        ][14:45:49]      Registering Workflow Element sftpPut                                       [0001][0005]
[WORKFLOW        ][14:45:49] Finished Scanning FileManager...                                                [0001][0005]
[WORKFLOW        ][14:45:49]                                                                                 [0001][0005]
[WORKFLOW        ][14:45:49] Scanning Model Class Input...                                                   [0001][0005]
[WORKFLOW        ][14:45:49]      Registering Workflow Element inputField                                    [0001][0005]
[WORKFLOW        ][14:45:49] Finished Scanning Input...                                                      [0001][0005]
[WORKFLOW        ][14:45:49]                                                                                 [0001][0005]
[WORKFLOW        ][14:45:49] Scanning Model Class Manager...                                                 [0001][0005]
[WORKFLOW        ][14:45:49] Finished Scanning Manager...                                                    [0001][0005]
[WORKFLOW        ][14:45:49]                                                                                 [0001][0005]
[WORKFLOW        ][14:45:49] Scanning Model Class Model...                                                   [0001][0005]
[WORKFLOW        ][14:45:49] Finished Scanning Model...                                                      [0001][0005]
[WORKFLOW        ][14:45:49]                                                                                 [0001][0005]
[WORKFLOW        ][14:45:49] Scanning Model Class Notification...                                            [0001][0005]
[WORKFLOW        ][14:45:49]      Registering Workflow Element alert                                         [0001][0005]
[WORKFLOW        ][14:45:49]      Registering Workflow Element dashboard                                     [0001][0005]
[WORKFLOW        ][14:45:49]      Registering Workflow Element email                                         [0001][0005]
[WORKFLOW        ][14:45:49]      Registering Workflow Element text                                          [0001][0005]
[WORKFLOW        ][14:45:49]      Registering Workflow Element rainBasedEmail                                [0001][0005]
[WORKFLOW        ][14:45:49]      Registering Workflow Element response                                      [0001][0005]
[WORKFLOW        ][14:45:49] Finished Scanning Notification...                                               [0001][0005]
[WORKFLOW        ][14:45:49]                                                                                 [0001][0005]
[WORKFLOW        ][14:45:49] Scanning Model Class Output...                                                  [0001][0005]
[WORKFLOW        ][14:45:49]      Registering Workflow Element outputField                                   [0001][0005]
[WORKFLOW        ][14:45:49] Finished Scanning Output...                                                     [0001][0005]
[WORKFLOW        ][14:45:49]                                                                                 [0001][0005]
[WORKFLOW        ][14:45:49] Scanning Model Class ReportManager...                                           [0001][0005]
[WORKFLOW        ][14:45:49]      Registering Workflow Element addReport                                     [0001][0005]
[WORKFLOW        ][14:45:49] Finished Scanning ReportManager...                                              [0001][0005]
[WORKFLOW        ][14:45:49]                                                                                 [0001][0005]
[WORKFLOW        ][14:45:49] Scanning Model Class Sensor...                                                  [0001][0005]
[WORKFLOW        ][14:45:49] Finished Scanning Sensor...                                                     [0001][0005]
[WORKFLOW        ][14:45:49]                                                                                 [0001][0005]
[WORKFLOW        ][14:45:49] Scanning Model Class Settings...                                                [0001][0005]
[WORKFLOW        ][14:45:49] Finished Scanning Settings...                                                   [0001][0005]
[WORKFLOW        ][14:45:49]                                                                                 [0001][0005]
[WORKFLOW        ][14:45:49] Scanning Model Class System...                                                  [0001][0005]
[WORKFLOW        ][14:45:49] Finished Scanning System...                                                     [0001][0005]
[WORKFLOW        ][14:45:49]                                                                                 [0001][0005]
[WORKFLOW        ][14:45:49] Scanning Model Class Trigger...                                                 [0001][0005]
[WORKFLOW        ][14:45:49] Finished Scanning Trigger...                                                    [0001][0005]
[WORKFLOW        ][14:45:49]                                                                                 [0001][0005]
[WORKFLOW        ][14:45:49] Scanning Model Class User...                                                    [0001][0005]
[WORKFLOW        ][14:45:49]      Registering Workflow Element information                                   [0001][0005]
[WORKFLOW        ][14:45:49] Finished Scanning User...                                                       [0001][0005]
[WORKFLOW        ][14:45:49]                                                                                 [0001][0005]
[WORKFLOW        ][14:45:49] Scanning Model Class Webhook...                                                 [0001][0005]
[WORKFLOW        ][14:45:49] Finished Scanning Webhook...                                                    [0001][0005]
[WORKFLOW        ][14:45:49]                                                                                 [0001][0005]
[WORKFLOW        ][14:45:49] Scanning Model Class Webservice...                                              [0001][0005]
[WORKFLOW        ][14:45:49] Finished Scanning Webservice...                                                 [0001][0005]
[WORKFLOW        ][14:45:49]                                                                                 [0001][0005]
[WORKFLOW        ][14:45:49] Scanning Model Class XML...                                                     [0001][0005]
[WORKFLOW        ][14:45:49]      Registering Workflow Element translate                                     [0001][0005]
[WORKFLOW        ][14:45:49] Finished Scanning XML...                                                        [0001][0005]
[IMAGES          ][14:45:49] Processing Images                                                               [0000][0005]
[IMAGES          ][14:45:49] Finished Processing Images                                                      [0000][0005]
[WEB             ][14:45:49] Registering Web Components                                                      [0000][0005]
[WEB             ][14:45:49] Done Registering Web Components                                                 [0000][0005]
[CONTROLLERS     ][14:45:49] Compiling: component.xml                                                        [0000][0005]
[CONTROLLERS     ][14:45:49] Compiling: default.xml                                                          [0000][0005]
[CONTROLLERS     ][14:45:49] Compiling: detector.xml                                                         [0000][0005]
[CONTROLLERS     ][14:45:49] Compiling: elements.xml                                                         [0000][0005]
[CONTROLLERS     ][14:45:49] Compiling: email.xml                                                            [0000][0005]
[CONTROLLERS     ][14:45:49] Compiling: file.xml                                                             [0000][0005]
[CONTROLLERS     ][14:45:49] Compiling: flowchart.xml                                                        [0000][0005]
[CONTROLLERS     ][14:45:49] Compiling: ftp.xml                                                              [0000][0005]
[CONTROLLERS     ][14:45:49] Compiling: handler.xml                                                          [0000][0005]
[CONTROLLERS     ][14:45:49] Compiling: input.xml                                                            [0000][0005]
[CONTROLLERS     ][14:45:49] Compiling: login.xml                                                            [0000][0005]
[CONTROLLERS     ][14:45:49] Compiling: notification.xml                                                     [0000][0005]
[CONTROLLERS     ][14:45:49] Compiling: output.xml                                                           [0000][0005]
[CONTROLLERS     ][14:45:49] Compiling: report.xml                                                           [0000][0005]
[CONTROLLERS     ][14:45:49] Compiling: sensor.xml                                                           [0000][0005]
[CONTROLLERS     ][14:45:49] Compiling: settings.xml                                                         [0000][0005]
[CONTROLLERS     ][14:45:49] Compiling: sftp.xml                                                             [0000][0005]
[CONTROLLERS     ][14:45:49] Compiling: system.xml                                                           [0000][0005]
[CONTROLLERS     ][14:45:49] Compiling: trigger.xml                                                          [0000][0005]
[CONTROLLERS     ][14:45:49] Compiling: user.xml                                                             [0000][0005]
[CONTROLLERS     ][14:45:49] Compiling: webhook.xml                                                          [0000][0005]
[CONTROLLERS     ][14:45:49] Compiling: webservice.xml                                                       [0000][0005]
[CONTROLLERS     ][14:45:49] Compiling: xml.xml                                                              [0000][0005]
[SUMMARY         ][14:45:49] ============================================================================    [0000][0005]
[SUMMARY         ][14:45:49] = MODULE STATE [workflow]                                                       [0000][0005]
[SUMMARY         ][14:45:49] ============================================================================    [0000][0005]
[SUMMARY         ][14:45:49] [id]: 3                                                                         [0000][0005]
[SUMMARY         ][14:45:49] [title]: Workflows                                                              [0000][0005]
[SUMMARY         ][14:45:49] [module]: Workflow                                                              [0000][0005]
[SUMMARY         ][14:45:49] [namespace]: workflow                                                           [0000][0005]
[SUMMARY         ][14:45:49] [configuration]: Workflow/etc                                                   [0000][0005]
[SUMMARY         ][14:45:49] [controller]: Workflow/Controllers                                              [0000][0005]
[SUMMARY         ][14:45:49] [package]: Framework                                                            [0000][0005]
[SUMMARY         ][14:45:49] [version]: 0.0.1                                                                [0000][0005]
[SUMMARY         ][14:45:49] [installed]: 2024-03-20 14:45:44                                                [0000][0005]
[SUMMARY         ][14:45:49] [last_updated]: 2024-03-20 14:45:49                                             [0000][0005]
[SUMMARY         ][14:45:49] [description]: Configures Workflow Components                                   [0000][0005]
[SUMMARY         ][14:45:49] [templater]: Smarty3                                                            [0000][0005]
[SUMMARY         ][14:45:49] [schema_install]: Workflow/Schema/Install                                       [0000][0005]
[SUMMARY         ][14:45:49] [schema_update]: Workflow/Schema/Update                                         [0000][0005]
[SUMMARY         ][14:45:49] [schema_layout]: Workflow/Schema/DSL                                            [0000][0005]
[SUMMARY         ][14:45:49] [models]: Workflow/Models                                                       [0000][0005]
[SUMMARY         ][14:45:49] [events]:                                                                       [0000][0005]
[SUMMARY         ][14:45:49] [prefix]: workflow_                                                             [0000][0005]
[SUMMARY         ][14:45:49] [entities]: Workflow/Entities                                                   [0000][0005]
[SUMMARY         ][14:45:49] [controller_cache]: Workflow/Controllers/Cache                                  [0000][0005]
[SUMMARY         ][14:45:49] [views]: Workflow/Views                                                         [0000][0005]
[SUMMARY         ][14:45:49] [views_cache]: Workflow/Views/Cache                                             [0000][0005]
[SUMMARY         ][14:45:49] [images]: Workflow/Images                                                       [0000][0005]
[SUMMARY         ][14:45:49] [images_cache]: Workflow/Images/Cache                                           [0000][0005]
[SUMMARY         ][14:45:49] [rpc_mapping]: Workflow/RPC                                                     [0000][0005]
[SUMMARY         ][14:45:49] [helpers]: Workflow/Helpers                                                     [0000][0005]
[SUMMARY         ][14:45:49] [enabled]: Y                                                                    [0000][0005]
[SUMMARY         ][14:45:49] [mongodb]: workflow                                                             [0000][0005]
[SUMMARY         ][14:45:49] [required]: Y                                                                   [0000][0005]
[SUMMARY         ][14:45:49] [weight]: 20                                                                    [0000][0005]
[SUMMARY         ][14:45:49] [modified]: 2024-03-20 14:45:48                                                 [0000][0005]
[SUMMARY         ][14:45:49] ============================================================================    [0000][0005]
[DIRECTORY       ][14:45:49] Generating Service Directory                                                    [0000][0005]
[DIRECTORY       ][14:45:50] Finished Generating Directory                                                   [0001][0006]
###########################################
Updating Code/Framework/Admin/etc/config.xml
###########################################

[SCHEMA          ][14:45:50] Processing any schema updates                                                   [0000][0006]
[SCHEMA          ][14:45:50] Finished Processing schema updates                                              [0000][0006]
[ENTITIES        ][14:45:50] Registering system_monitor                                                      [0000][0006]
[ENTITIES        ][14:45:50] Registering menus                                                               [0000][0006]
[ENTITIES        ][14:45:50] Registering menu_categories                                                     [0000][0006]
[ENTITIES        ][14:45:50] Registering users                                                               [0000][0006]
[ENTITIES        ][14:45:50] Registering user_identification                                                 [0000][0006]
[WORKFLOW        ][14:45:50] Processing Namespace [admin]...                                                 [0000][0006]
[WORKFLOW        ][14:45:50]                                                                                 [0000][0006]
[WORKFLOW        ][14:45:50] Scanning Model Class Actions...                                                 [0000][0006]
[WORKFLOW        ][14:45:50] Finished Scanning Actions...                                                    [0000][0006]
[WORKFLOW        ][14:45:50]                                                                                 [0000][0006]
[WORKFLOW        ][14:45:50] Scanning Model Class Cadence...                                                 [0000][0006]
[WORKFLOW        ][14:45:50] Finished Scanning Cadence...                                                    [0000][0006]
[WORKFLOW        ][14:45:50]                                                                                 [0000][0006]
[WORKFLOW        ][14:45:50] Scanning Model Class Documentation...                                           [0000][0006]
[WORKFLOW        ][14:45:50]      Registering Workflow Element generate                                      [0000][0006]
[WORKFLOW        ][14:45:50] Finished Scanning Documentation...                                              [0000][0006]
[WORKFLOW        ][14:45:50]                                                                                 [0000][0006]
[WORKFLOW        ][14:45:50] Scanning Model Class Menus...                                                   [0000][0006]
[WORKFLOW        ][14:45:50] Finished Scanning Menus...                                                      [0000][0006]
[WORKFLOW        ][14:45:50]                                                                                 [0000][0006]
[WORKFLOW        ][14:45:50] Scanning Model Class Model...                                                   [0000][0006]
[WORKFLOW        ][14:45:50] Finished Scanning Model...                                                      [0000][0006]
[WORKFLOW        ][14:45:50]                                                                                 [0000][0006]
[WORKFLOW        ][14:45:50] Scanning Model Class Monitor...                                                 [0000][0006]
[WORKFLOW        ][14:45:50] Finished Scanning Monitor...                                                    [0000][0006]
[WORKFLOW        ][14:45:50]                                                                                 [0000][0006]
[WORKFLOW        ][14:45:50] Scanning Model Class System...                                                  [0000][0006]
[WORKFLOW        ][14:45:50]      Registering Workflow Element SSOEnabled                                    [0000][0006]
[WORKFLOW        ][14:45:50]      Registering Workflow Element systemAlert                                   [0000][0006]
[WORKFLOW        ][14:45:50]      Registering Workflow Element systemNotification                            [0000][0006]
[WORKFLOW        ][14:45:50] Finished Scanning System...                                                     [0000][0006]
[WORKFLOW        ][14:45:50]                                                                                 [0000][0006]
[WORKFLOW        ][14:45:50] Scanning Model Class User...                                                    [0000][0006]
[WORKFLOW        ][14:45:50]      Registering Workflow Element login                                         [0000][0006]
[WORKFLOW        ][14:45:50]      Registering Workflow Element exceededTries                                 [0000][0006]
[WORKFLOW        ][14:45:50]      Registering Workflow Element setLoginErrorMessage                          [0000][0006]
[WORKFLOW        ][14:45:50]      Registering Workflow Element routeToHomePage                               [0000][0006]
[WORKFLOW        ][14:45:50] Finished Scanning User...                                                       [0000][0006]
[WORKFLOW        ][14:45:50]                                                                                 [0000][0006]
[WORKFLOW        ][14:45:50] Scanning Model Class Utility...                                                 [0000][0006]
[WORKFLOW        ][14:45:50]      Registering Workflow Element generateDocumentation                         [0000][0006]
[WORKFLOW        ][14:45:50] Finished Scanning Utility...                                                    [0000][0006]
[IMAGES          ][14:45:50] Processing Images                                                               [0000][0006]
[IMAGES          ][14:45:50] Finished Processing Images                                                      [0000][0006]
[WEB             ][14:45:50] Registering Web Components                                                      [0000][0006]
[WEB             ][14:45:50] Done Registering Web Components                                                 [0000][0006]
[CONTROLLERS     ][14:45:50] Compiling: actions.xml                                                          [0000][0006]
[CONTROLLERS     ][14:45:50] Compiling: admin.xml                                                            [0000][0006]
[CONTROLLERS     ][14:45:50] Compiling: cadence.xml                                                          [0000][0006]
[CONTROLLERS     ][14:45:50] Compiling: component.xml                                                        [0000][0006]
[CONTROLLERS     ][14:45:51] Compiling: directory.xml                                                        [0001][0007]
[CONTROLLERS     ][14:45:51] Compiling: documentation.xml                                                    [0001][0007]
[CONTROLLERS     ][14:45:51] Compiling: flag.xml                                                             [0001][0007]
[CONTROLLERS     ][14:45:51] Compiling: home.xml                                                             [0001][0007]
[CONTROLLERS     ][14:45:51] Compiling: log.xml                                                              [0001][0007]
[CONTROLLERS     ][14:45:51] Compiling: login.xml                                                            [0001][0007]
[CONTROLLERS     ][14:45:51] Compiling: module.xml                                                           [0001][0007]
[CONTROLLERS     ][14:45:51] Compiling: password.xml                                                         [0001][0007]
[CONTROLLERS     ][14:45:51] Compiling: secrets.xml                                                          [0001][0007]
[CONTROLLERS     ][14:45:51] Compiling: smtp.xml                                                             [0001][0007]
[CONTROLLERS     ][14:45:51] Compiling: system.xml                                                           [0001][0007]
[CONTROLLERS     ][14:45:51] Compiling: test.xml                                                             [0001][0007]
[CONTROLLERS     ][14:45:51] Compiling: unittests.xml                                                        [0001][0007]
[CONTROLLERS     ][14:45:51] Compiling: upload.xml                                                           [0001][0007]
[CONTROLLERS     ][14:45:51] Compiling: user.xml                                                             [0001][0007]
[CONTROLLERS     ][14:45:51] Compiling: utilities.xml                                                        [0001][0007]
[SUMMARY         ][14:45:51] ============================================================================    [0000][0007]
[SUMMARY         ][14:45:51] = MODULE STATE [admin]                                                          [0000][0007]
[SUMMARY         ][14:45:51] ============================================================================    [0000][0007]
[SUMMARY         ][14:45:51] [id]: 4                                                                         [0000][0007]
[SUMMARY         ][14:45:51] [title]: Framework Administration                                               [0000][0007]
[SUMMARY         ][14:45:51] [module]: Admin                                                                 [0000][0007]
[SUMMARY         ][14:45:51] [namespace]: admin                                                              [0000][0007]
[SUMMARY         ][14:45:51] [configuration]: Admin/etc                                                      [0000][0007]
[SUMMARY         ][14:45:51] [controller]: Admin/Controllers                                                 [0000][0007]
[SUMMARY         ][14:45:51] [package]: Framework                                                            [0000][0007]
[SUMMARY         ][14:45:51] [version]: 0.0.1                                                                [0000][0007]
[SUMMARY         ][14:45:51] [installed]: 2024-03-20 14:45:44                                                [0000][0007]
[SUMMARY         ][14:45:51] [last_updated]: 2024-03-20 14:45:50                                             [0000][0007]
[SUMMARY         ][14:45:51] [description]: Functionality for administering the Framework                    [0000][0007]
[SUMMARY         ][14:45:51] [templater]: Twig                                                               [0000][0007]
[SUMMARY         ][14:45:51] [schema_install]: Admin/Schema/Install                                          [0000][0007]
[SUMMARY         ][14:45:51] [schema_update]: Admin/Schema/Update                                            [0000][0007]
[SUMMARY         ][14:45:51] [schema_layout]: Admin/Schema/DSL                                               [0000][0007]
[SUMMARY         ][14:45:51] [models]: Admin/Models                                                          [0000][0007]
[SUMMARY         ][14:45:51] [events]:                                                                       [0000][0007]
[SUMMARY         ][14:45:51] [prefix]: admin_                                                                [0000][0007]
[SUMMARY         ][14:45:51] [entities]: Admin/Entities                                                      [0000][0007]
[SUMMARY         ][14:45:51] [controller_cache]: Admin/Controllers/Cache                                     [0000][0007]
[SUMMARY         ][14:45:51] [views]: Admin/Views                                                            [0000][0007]
[SUMMARY         ][14:45:51] [views_cache]: Admin/Views/Cache                                                [0000][0007]
[SUMMARY         ][14:45:51] [images]: Admin/Images                                                          [0000][0007]
[SUMMARY         ][14:45:51] [images_cache]: Admin/Images/Cache                                              [0000][0007]
[SUMMARY         ][14:45:51] [rpc_mapping]: Admin/RPC                                                        [0000][0007]
[SUMMARY         ][14:45:51] [helpers]: Admin/Helpers                                                        [0000][0007]
[SUMMARY         ][14:45:51] [enabled]: Y                                                                    [0000][0007]
[SUMMARY         ][14:45:51] [mongodb]: admin                                                                [0000][0007]
[SUMMARY         ][14:45:51] [required]: Y                                                                   [0000][0007]
[SUMMARY         ][14:45:51] [weight]: 50                                                                    [0000][0007]
[SUMMARY         ][14:45:51] [modified]: 2024-03-20 14:45:50                                                 [0000][0007]
[SUMMARY         ][14:45:51] ============================================================================    [0000][0007]
[DIRECTORY       ][14:45:51] Generating Service Directory                                                    [0000][0007]
[DIRECTORY       ][14:45:52] Finished Generating Directory                                                   [0001][0008]
###########################################
Updating Code/Framework/Contrive/etc/config.xml
###########################################

[SCHEMA          ][14:45:52] Processing any schema updates                                                   [0000][0008]
[SCHEMA          ][14:45:52] Finished Processing schema updates                                              [0000][0008]
[WORKFLOW        ][14:45:52] Processing Namespace [contrive]...                                              [0000][0008]
[WORKFLOW        ][14:45:52]                                                                                 [0000][0008]
[WORKFLOW        ][14:45:52] Scanning Model Class Model...                                                   [0000][0008]
[WORKFLOW        ][14:45:52] Finished Scanning Model...                                                      [0000][0008]
[IMAGES          ][14:45:52] Processing Images                                                               [0000][0008]
[IMAGES          ][14:45:52] Finished Processing Images                                                      [0000][0008]
[WEB             ][14:45:52] Registering Web Components                                                      [0000][0008]
[WEB             ][14:45:52] Done Registering Web Components                                                 [0000][0008]
[CONTROLLERS     ][14:45:52] Compiling: actions.xml                                                          [0000][0008]
[SUMMARY         ][14:45:52] ============================================================================    [0000][0008]
[SUMMARY         ][14:45:52] = MODULE STATE [contrive]                                                       [0000][0008]
[SUMMARY         ][14:45:52] ============================================================================    [0000][0008]
[SUMMARY         ][14:45:52] [id]: 5                                                                         [0000][0008]
[SUMMARY         ][14:45:52] [title]: Contrive                                                               [0000][0008]
[SUMMARY         ][14:45:52] [module]: Contrive                                                              [0000][0008]
[SUMMARY         ][14:45:52] [namespace]: contrive                                                           [0000][0008]
[SUMMARY         ][14:45:52] [configuration]: Contrive/etc                                                   [0000][0008]
[SUMMARY         ][14:45:52] [controller]: Contrive/Controllers                                              [0000][0008]
[SUMMARY         ][14:45:52] [package]: Framework                                                            [0000][0008]
[SUMMARY         ][14:45:52] [version]: 0.0.1                                                                [0000][0008]
[SUMMARY         ][14:45:52] [installed]: 2024-03-20 14:45:44                                                [0000][0008]
[SUMMARY         ][14:45:52] [last_updated]: 2024-03-20 14:45:52                                             [0000][0008]
[SUMMARY         ][14:45:52] [description]: The Contrive module                                              [0000][0008]
[SUMMARY         ][14:45:52] [templater]: Smarty3                                                            [0000][0008]
[SUMMARY         ][14:45:52] [schema_install]: Contrive/Schema/Install                                       [0000][0008]
[SUMMARY         ][14:45:52] [schema_update]: Contrive/Schema/Update                                         [0000][0008]
[SUMMARY         ][14:45:52] [schema_layout]: Contrive/Schema/DSL                                            [0000][0008]
[SUMMARY         ][14:45:52] [models]: Contrive/Models                                                       [0000][0008]
[SUMMARY         ][14:45:52] [events]:                                                                       [0000][0008]
[SUMMARY         ][14:45:52] [prefix]: contrive_                                                             [0000][0008]
[SUMMARY         ][14:45:52] [entities]: Contrive/Entities                                                   [0000][0008]
[SUMMARY         ][14:45:52] [controller_cache]: Contrive/Controllers/Cache                                  [0000][0008]
[SUMMARY         ][14:45:52] [views]: Contrive/Views                                                         [0000][0008]
[SUMMARY         ][14:45:52] [views_cache]: Contrive/Views/Cache                                             [0000][0008]
[SUMMARY         ][14:45:52] [images]: Contrive/Images                                                       [0000][0008]
[SUMMARY         ][14:45:52] [images_cache]: Contrive/Images/Cache                                           [0000][0008]
[SUMMARY         ][14:45:52] [rpc_mapping]: Contrive/RPC                                                     [0000][0008]
[SUMMARY         ][14:45:52] [helpers]: Contrive/Helpers                                                     [0000][0008]
[SUMMARY         ][14:45:52] [enabled]: Y                                                                    [0000][0008]
[SUMMARY         ][14:45:52] [mongodb]: contrive                                                             [0000][0008]
[SUMMARY         ][14:45:52] [required]: Y                                                                   [0000][0008]
[SUMMARY         ][14:45:52] [weight]: 50                                                                    [0000][0008]
[SUMMARY         ][14:45:52] [modified]: 2024-03-20 14:45:52                                                 [0000][0008]
[SUMMARY         ][14:45:52] ============================================================================    [0000][0008]
[DIRECTORY       ][14:45:52] Generating Service Directory                                                    [0000][0008]
[DIRECTORY       ][14:45:52] Finished Generating Directory                                                   [0000][0008]
###########################################
Updating Code/Main/Vitua/etc/config.xml
###########################################

[SCHEMA          ][14:45:52] Processing any schema updates                                                   [0000][0008]
[SCHEMA          ][14:45:52] Finished Processing schema updates                                              [0000][0008]
[ENTITIES        ][14:45:52] Registering users                                                               [0000][0008]
[ENTITIES        ][14:45:52] Registering user_identification                                                 [0000][0008]
[WORKFLOW        ][14:45:52] Processing Namespace [vitua]...                                                 [0000][0008]
[WORKFLOW        ][14:45:52]                                                                                 [0000][0008]
[WORKFLOW        ][14:45:52] Scanning Model Class Model...                                                   [0000][0008]
[WORKFLOW        ][14:45:52] Finished Scanning Model...                                                      [0000][0008]
[WORKFLOW        ][14:45:52]                                                                                 [0000][0008]
[WORKFLOW        ][14:45:52] Scanning Model Class User...                                                    [0000][0008]
[WORKFLOW        ][14:45:52]      Registering Workflow Element exceededTries                                 [0000][0008]
[WORKFLOW        ][14:45:52]      Registering Workflow Element setLoginErrorMessage                          [0000][0008]
[WORKFLOW        ][14:45:52]      Registering Workflow Element routeToHomePage                               [0000][0008]
[WORKFLOW        ][14:45:52]      Registering Workflow Element redirect                                      [0000][0008]
[WORKFLOW        ][14:45:52]      Registering Workflow Element loginFailed                                   [0000][0008]
[WORKFLOW        ][14:45:52]      Registering Workflow Element resetTries                                    [0000][0008]
[WORKFLOW        ][14:45:52]      Registering Workflow Element incrementTries                                [0000][0008]
[WORKFLOW        ][14:45:52]      Registering Workflow Element recordLoginTime                               [0000][0008]
[WORKFLOW        ][14:45:52]      Registering Workflow Element recoverPasswordEmail                          [0000][0008]
[WORKFLOW        ][14:45:52]      Registering Workflow Element accountLocked                                 [0000][0008]
[WORKFLOW        ][14:45:52]      Registering Workflow Element lockAccount                                   [0000][0008]
[WORKFLOW        ][14:45:52]      Registering Workflow Element unlockAccount                                 [0000][0008]
[WORKFLOW        ][14:45:52]      Registering Workflow Element isResetPasswordTokenSet                       [0000][0008]
[WORKFLOW        ][14:45:52] Finished Scanning User...                                                       [0000][0008]
[IMAGES          ][14:45:52] Processing Images                                                               [0000][0008]
[IMAGES          ][14:45:52] Finished Processing Images                                                      [0000][0008]
[WEB             ][14:45:52] Registering Web Components                                                      [0000][0008]
[WEB             ][14:45:52] Done Registering Web Components                                                 [0000][0008]
[CONTROLLERS     ][14:45:52] Compiling: actions.xml                                                          [0000][0008]
[CONTROLLERS     ][14:45:52] Compiling: home.xml                                                             [0000][0008]
[CONTROLLERS     ][14:45:52] Compiling: user.xml                                                             [0000][0008]
[SUMMARY         ][14:45:52] ============================================================================    [0000][0008]
[SUMMARY         ][14:45:52] = MODULE STATE [vitua]                                                          [0000][0008]
[SUMMARY         ][14:45:52] ============================================================================    [0000][0008]
[SUMMARY         ][14:45:52] [id]: 6                                                                         [0000][0008]
[SUMMARY         ][14:45:52] [title]: Vitua                                                                  [0000][0008]
[SUMMARY         ][14:45:52] [module]: Vitua                                                                 [0000][0008]
[SUMMARY         ][14:45:52] [namespace]: vitua                                                              [0000][0008]
[SUMMARY         ][14:45:52] [configuration]: Vitua/etc                                                      [0000][0008]
[SUMMARY         ][14:45:52] [controller]: Vitua/Controllers                                                 [0000][0008]
[SUMMARY         ][14:45:52] [package]: Main                                                                 [0000][0008]
[SUMMARY         ][14:45:52] [version]: 0.0.1                                                                [0000][0008]
[SUMMARY         ][14:45:52] [installed]: 2024-03-20 14:45:44                                                [0000][0008]
[SUMMARY         ][14:45:52] [last_updated]: 2024-03-20 14:45:52                                             [0000][0008]
[SUMMARY         ][14:45:52] [description]: The Vitua module                                                 [0000][0008]
[SUMMARY         ][14:45:52] [templater]: Smarty3                                                            [0000][0008]
[SUMMARY         ][14:45:52] [schema_install]: Vitua/Schema/Install                                          [0000][0008]
[SUMMARY         ][14:45:52] [schema_update]: Vitua/Schema/Update                                            [0000][0008]
[SUMMARY         ][14:45:52] [schema_layout]: Vitua/Schema/DSL                                               [0000][0008]
[SUMMARY         ][14:45:52] [models]: Vitua/Models                                                          [0000][0008]
[SUMMARY         ][14:45:52] [events]:                                                                       [0000][0008]
[SUMMARY         ][14:45:52] [prefix]: vitua_                                                                [0000][0008]
[SUMMARY         ][14:45:52] [entities]: Vitua/Entities                                                      [0000][0008]
[SUMMARY         ][14:45:52] [controller_cache]: Vitua/Controllers/Cache                                     [0000][0008]
[SUMMARY         ][14:45:52] [views]: Vitua/Views                                                            [0000][0008]
[SUMMARY         ][14:45:52] [views_cache]: Vitua/Views/Cache                                                [0000][0008]
[SUMMARY         ][14:45:52] [images]: Vitua/Images                                                          [0000][0008]
[SUMMARY         ][14:45:52] [images_cache]: Vitua/Images/Cache                                              [0000][0008]
[SUMMARY         ][14:45:52] [rpc_mapping]: Vitua/RPC                                                        [0000][0008]
[SUMMARY         ][14:45:52] [helpers]: Vitua/Helpers                                                        [0000][0008]
[SUMMARY         ][14:45:52] [enabled]: Y                                                                    [0000][0008]
[SUMMARY         ][14:45:52] [mongodb]: vitua                                                                [0000][0008]
[SUMMARY         ][14:45:52] [required]: Y                                                                   [0000][0008]
[SUMMARY         ][14:45:52] [weight]: 50                                                                    [0000][0008]
[SUMMARY         ][14:45:52] [modified]: 2024-03-20 14:45:52                                                 [0000][0008]
[SUMMARY         ][14:45:52] ============================================================================    [0000][0008]
[DIRECTORY       ][14:45:52] Generating Service Directory                                                    [0000][0008]
[DIRECTORY       ][14:45:52] Finished Generating Directory                                                   [0000][0008]


Required parameters are namespace and configuration file location

Enabling vitua

Attempting to create drivers
/var/www/html/app
done with creating drivers

